19:31:32: Creating resource group General
19:31:32: Creating resource group Internal
19:31:32: Creating resource group Autodetect
19:31:32: Registering ResourceManager for type Mesh
19:31:32: Registering ResourceManager for type Material
19:31:32: Registering ResourceManager for type Skeleton
19:31:32: XMLMeshSerializer reading mesh data from reticle.mesh.xml...
19:31:32: Reading submeshes...
19:31:32: Reading geometry...
19:31:32: Geometry done...
19:31:32: Submeshes done.
19:31:32: XMLMeshSerializer import successful.
19:31:32: Reorganising vertex buffers to automatic layout..
19:31:32: MeshSerializer writing mesh data to reticle.mesh...
19:31:32: File header written.
19:31:32: Writing mesh data...
19:31:32: Writing submesh...
19:31:32: Exporting submesh texture aliases...
19:31:32: Submesh texture aliases exported.
19:31:32: Submesh exported.
19:31:32: Exporting bounds information....
19:31:32: Bounds information exported.
19:31:32: Exporting submesh name table...
19:31:32: Submesh name table exported.
19:31:32: Exporting edge lists...
19:31:32: Edge lists exported
19:31:32: Mesh data exported.
19:31:32: MeshSerializer export successful.
19:31:32: Unregistering ResourceManager for type Skeleton
19:31:32: Unregistering ResourceManager for type Material
19:31:32: Unregistering ResourceManager for type Mesh
